<?xml version="1.0" encoding="UTF-8"?>
<!-- Generated by org.testng.reporters.JUnitReportReporter -->
<testsuite hostname="DESKTOP-IEI1OG8" failures="0" tests="1" name="Test_Case.Home_test" time="4.354" errors="0" timestamp="2020-05-17T19:11:08 IST" skipped="0">
  <testcase classname="Test_Case.Home_test" name="home_page" time="4.354"/>
  <system-out/>
</testsuite> <!-- Test_Case.Home_test -->
